<?xml version="1.0" encoding="UTF-8"?>
<testsuite name="mega.it.springboot.web.IndexControllerTest" tests="1" skipped="0" failures="0" errors="0" timestamp="2023-07-26T07:31:37" hostname="BOOK-1VQD4IVCOJ" time="0.118">
  <properties/>
  <testcase name="메인페이지_로딩" classname="mega.it.springboot.web.IndexControllerTest" time="0.118"/>
  <system-out><![CDATA[2023-07-26 16:31:37.916  INFO 13880 --- [    Test worker] .b.t.c.SpringBootTestContextBootstrapper : Neither @ContextConfiguration nor @ContextHierarchy found for test class [mega.it.springboot.web.IndexControllerTest], using SpringBootContextLoader
2023-07-26 16:31:37.917  INFO 13880 --- [    Test worker] o.s.t.c.support.AbstractContextLoader    : Could not detect default resource locations for test class [mega.it.springboot.web.IndexControllerTest]: no resource found for suffixes {-context.xml, Context.groovy}.
2023-07-26 16:31:37.917  INFO 13880 --- [    Test worker] t.c.s.AnnotationConfigContextLoaderUtils : Could not detect default configuration classes for test class [mega.it.springboot.web.IndexControllerTest]: IndexControllerTest does not declare any static, non-private, non-final, nested classes annotated with @Configuration.
2023-07-26 16:31:37.918  INFO 13880 --- [    Test worker] .b.t.c.SpringBootTestContextBootstrapper : Found @SpringBootConfiguration mega.it.springboot.Application for test class mega.it.springboot.web.IndexControllerTest
2023-07-26 16:31:37.919  INFO 13880 --- [    Test worker] .b.t.c.SpringBootTestContextBootstrapper : Loaded default TestExecutionListener class names from location [META-INF/spring.factories]: [org.springframework.security.test.context.support.WithSecurityContextTestExecutionListener, org.springframework.security.test.context.support.ReactorContextTestExecutionListener, org.springframework.boot.test.autoconfigure.restdocs.RestDocsTestExecutionListener, org.springframework.boot.test.autoconfigure.web.client.MockRestServiceServerResetTestExecutionListener, org.springframework.boot.test.autoconfigure.web.servlet.MockMvcPrintOnlyOnFailureTestExecutionListener, org.springframework.boot.test.autoconfigure.web.servlet.WebDriverTestExecutionListener, org.springframework.boot.test.mock.mockito.MockitoTestExecutionListener, org.springframework.boot.test.mock.mockito.ResetMocksTestExecutionListener, org.springframework.test.context.web.ServletTestExecutionListener, org.springframework.test.context.support.DirtiesContextBeforeModesTestExecutionListener, org.springframework.test.context.support.DependencyInjectionTestExecutionListener, org.springframework.test.context.support.DirtiesContextTestExecutionListener, org.springframework.test.context.transaction.TransactionalTestExecutionListener, org.springframework.test.context.jdbc.SqlScriptsTestExecutionListener]
2023-07-26 16:31:37.919  INFO 13880 --- [    Test worker] .b.t.c.SpringBootTestContextBootstrapper : Using TestExecutionListeners: [org.springframework.test.context.web.ServletTestExecutionListener@391cc6cf, org.springframework.test.context.support.DirtiesContextBeforeModesTestExecutionListener@e9e25b5, org.springframework.boot.test.mock.mockito.MockitoTestExecutionListener@404cc16a, org.springframework.boot.test.autoconfigure.SpringBootDependencyInjectionTestExecutionListener@8588a62, org.springframework.test.context.support.DirtiesContextTestExecutionListener@572d1f18, org.springframework.test.context.transaction.TransactionalTestExecutionListener@28e12bc5, org.springframework.test.context.jdbc.SqlScriptsTestExecutionListener@e00f822, org.springframework.security.test.context.support.WithSecurityContextTestExecutionListener@42c7781a, org.springframework.security.test.context.support.ReactorContextTestExecutionListener@7d2d7a85, org.springframework.boot.test.autoconfigure.restdocs.RestDocsTestExecutionListener@5cb3c9e6, org.springframework.boot.test.autoconfigure.web.client.MockRestServiceServerResetTestExecutionListener@55fbebba, org.springframework.boot.test.autoconfigure.web.servlet.MockMvcPrintOnlyOnFailureTestExecutionListener@2c855eb7, org.springframework.boot.test.autoconfigure.web.servlet.WebDriverTestExecutionListener@3a6ae0f0, org.springframework.boot.test.mock.mockito.ResetMocksTestExecutionListener@7854f2a2]
2023-07-26 16:31:37.984  INFO 13880 --- [o-auto-1-exec-1] o.a.c.c.C.[Tomcat].[localhost].[/]       : Initializing Spring DispatcherServlet 'dispatcherServlet'
2023-07-26 16:31:37.985  INFO 13880 --- [o-auto-1-exec-1] o.s.web.servlet.DispatcherServlet        : Initializing Servlet 'dispatcherServlet'
2023-07-26 16:31:37.986  INFO 13880 --- [o-auto-1-exec-1] o.s.web.servlet.DispatcherServlet        : Completed initialization in 1 ms
Hibernate: select posts0_.id as id1_0_, posts0_.created_date as created_2_0_, posts0_.modified_date as modified3_0_, posts0_.author as author4_0_, posts0_.content as content5_0_, posts0_.title as title6_0_ from posts posts0_ order by posts0_.id DESC
]]></system-out>
  <system-err><![CDATA[]]></system-err>
</testsuite>
