<?xml version="1.0" encoding="UTF-8"?>
<testsuite name="mega.it.springboot.web.HelloResponseDtoTest" tests="1" skipped="0" failures="0" errors="0" timestamp="2023-07-26T07:31:37" hostname="BOOK-1VQD4IVCOJ" time="0.002">
  <properties/>
  <testcase name="lombokTest" classname="mega.it.springboot.web.HelloResponseDtoTest" time="0.002"/>
  <system-out><![CDATA[]]></system-out>
  <system-err><![CDATA[]]></system-err>
</testsuite>
