<?xml version="1.0" encoding="UTF-8"?>
<testsuite name="mega.it.springboot.web.HelloControllerTest" tests="2" skipped="0" failures="0" errors="0" timestamp="2023-07-26T07:31:32" hostname="BOOK-1VQD4IVCOJ" time="0.404">
  <properties/>
  <testcase name="helloReturn" classname="mega.it.springboot.web.HelloControllerTest" time="0.347"/>
  <testcase name="helloDtoReturn" classname="mega.it.springboot.web.HelloControllerTest" time="0.056"/>
  <system-out><![CDATA[16:31:30.138 [Test worker] DEBUG org.springframework.test.context.junit4.SpringJUnit4ClassRunner - SpringJUnit4ClassRunner constructor called with [class mega.it.springboot.web.HelloControllerTest]
16:31:30.143 [Test worker] DEBUG org.springframework.test.context.BootstrapUtils - Instantiating CacheAwareContextLoaderDelegate from class [org.springframework.test.context.cache.DefaultCacheAwareContextLoaderDelegate]
16:31:30.149 [Test worker] DEBUG org.springframework.test.context.BootstrapUtils - Instantiating BootstrapContext using constructor [public org.springframework.test.context.support.DefaultBootstrapContext(java.lang.Class,org.springframework.test.context.CacheAwareContextLoaderDelegate)]
16:31:30.163 [Test worker] DEBUG org.springframework.test.context.BootstrapUtils - Instantiating TestContextBootstrapper for test class [mega.it.springboot.web.HelloControllerTest] from class [org.springframework.boot.test.autoconfigure.web.servlet.WebMvcTestContextBootstrapper]
16:31:30.180 [Test worker] INFO org.springframework.boot.test.autoconfigure.web.servlet.WebMvcTestContextBootstrapper - Neither @ContextConfiguration nor @ContextHierarchy found for test class [mega.it.springboot.web.HelloControllerTest], using SpringBootContextLoader
16:31:30.183 [Test worker] DEBUG org.springframework.test.context.support.AbstractContextLoader - Did not detect default resource location for test class [mega.it.springboot.web.HelloControllerTest]: class path resource [mega/it/springboot/web/HelloControllerTest-context.xml] does not exist
16:31:30.183 [Test worker] DEBUG org.springframework.test.context.support.AbstractContextLoader - Did not detect default resource location for test class [mega.it.springboot.web.HelloControllerTest]: class path resource [mega/it/springboot/web/HelloControllerTestContext.groovy] does not exist
16:31:30.183 [Test worker] INFO org.springframework.test.context.support.AbstractContextLoader - Could not detect default resource locations for test class [mega.it.springboot.web.HelloControllerTest]: no resource found for suffixes {-context.xml, Context.groovy}.
16:31:30.184 [Test worker] INFO org.springframework.test.context.support.AnnotationConfigContextLoaderUtils - Could not detect default configuration classes for test class [mega.it.springboot.web.HelloControllerTest]: HelloControllerTest does not declare any static, non-private, non-final, nested classes annotated with @Configuration.
16:31:30.251 [Test worker] DEBUG org.springframework.test.context.support.ActiveProfilesUtils - Could not find an 'annotation declaring class' for annotation type [org.springframework.test.context.ActiveProfiles] and class [mega.it.springboot.web.HelloControllerTest]
16:31:30.317 [Test worker] DEBUG org.springframework.context.annotation.ClassPathScanningCandidateComponentProvider - Identified candidate component class: file [C:\aws\AWSWork3\build\classes\java\main\mega\it\springboot\Application.class]
16:31:30.318 [Test worker] INFO org.springframework.boot.test.context.SpringBootTestContextBootstrapper - Found @SpringBootConfiguration mega.it.springboot.Application for test class mega.it.springboot.web.HelloControllerTest
16:31:30.320 [Test worker] DEBUG org.springframework.boot.test.autoconfigure.web.servlet.WebMvcTestContextBootstrapper - @TestExecutionListeners is not present for class [mega.it.springboot.web.HelloControllerTest]: using defaults.
16:31:30.321 [Test worker] INFO org.springframework.boot.test.autoconfigure.web.servlet.WebMvcTestContextBootstrapper - Loaded default TestExecutionListener class names from location [META-INF/spring.factories]: [org.springframework.security.test.context.support.WithSecurityContextTestExecutionListener, org.springframework.security.test.context.support.ReactorContextTestExecutionListener, org.springframework.boot.test.autoconfigure.restdocs.RestDocsTestExecutionListener, org.springframework.boot.test.autoconfigure.web.client.MockRestServiceServerResetTestExecutionListener, org.springframework.boot.test.autoconfigure.web.servlet.MockMvcPrintOnlyOnFailureTestExecutionListener, org.springframework.boot.test.autoconfigure.web.servlet.WebDriverTestExecutionListener, org.springframework.boot.test.mock.mockito.MockitoTestExecutionListener, org.springframework.boot.test.mock.mockito.ResetMocksTestExecutionListener, org.springframework.test.context.web.ServletTestExecutionListener, org.springframework.test.context.support.DirtiesContextBeforeModesTestExecutionListener, org.springframework.test.context.support.DependencyInjectionTestExecutionListener, org.springframework.test.context.support.DirtiesContextTestExecutionListener, org.springframework.test.context.transaction.TransactionalTestExecutionListener, org.springframework.test.context.jdbc.SqlScriptsTestExecutionListener]
16:31:30.336 [Test worker] INFO org.springframework.boot.test.autoconfigure.web.servlet.WebMvcTestContextBootstrapper - Using TestExecutionListeners: [org.springframework.test.context.web.ServletTestExecutionListener@10a9d961, org.springframework.test.context.support.DirtiesContextBeforeModesTestExecutionListener@130e116b, org.springframework.boot.test.mock.mockito.MockitoTestExecutionListener@e383572, org.springframework.boot.test.autoconfigure.SpringBootDependencyInjectionTestExecutionListener@5ddf0d24, org.springframework.test.context.support.DirtiesContextTestExecutionListener@363a52f, org.springframework.test.context.transaction.TransactionalTestExecutionListener@60856961, org.springframework.test.context.jdbc.SqlScriptsTestExecutionListener@2fd953a6, org.springframework.security.test.context.support.WithSecurityContextTestExecutionListener@a4add54, org.springframework.security.test.context.support.ReactorContextTestExecutionListener@141e5bef, org.springframework.boot.test.autoconfigure.restdocs.RestDocsTestExecutionListener@5f9be66c, org.springframework.boot.test.autoconfigure.web.client.MockRestServiceServerResetTestExecutionListener@3abada5a, org.springframework.boot.test.autoconfigure.web.servlet.MockMvcPrintOnlyOnFailureTestExecutionListener@66c61024, org.springframework.boot.test.autoconfigure.web.servlet.WebDriverTestExecutionListener@61fe30, org.springframework.boot.test.mock.mockito.ResetMocksTestExecutionListener@c9d0d6]
16:31:30.338 [Test worker] DEBUG org.springframework.test.annotation.ProfileValueUtils - Retrieved @ProfileValueSourceConfiguration [null] for test class [mega.it.springboot.web.HelloControllerTest]
16:31:30.338 [Test worker] DEBUG org.springframework.test.annotation.ProfileValueUtils - Retrieved ProfileValueSource type [class org.springframework.test.annotation.SystemProfileValueSource] for class [mega.it.springboot.web.HelloControllerTest]
16:31:30.338 [Test worker] DEBUG org.springframework.test.annotation.ProfileValueUtils - Retrieved @ProfileValueSourceConfiguration [null] for test class [mega.it.springboot.web.HelloControllerTest]
16:31:30.338 [Test worker] DEBUG org.springframework.test.annotation.ProfileValueUtils - Retrieved ProfileValueSource type [class org.springframework.test.annotation.SystemProfileValueSource] for class [mega.it.springboot.web.HelloControllerTest]
16:31:30.342 [Test worker] DEBUG org.springframework.test.context.support.AbstractDirtiesContextTestExecutionListener - Before test class: context [DefaultTestContext@2c4d1ac testClass = HelloControllerTest, testInstance = [null], testMethod = [null], testException = [null], mergedContextConfiguration = [WebMergedContextConfiguration@7f0d96f2 testClass = HelloControllerTest, locations = '{}', classes = '{class mega.it.springboot.Application}', contextInitializerClasses = '[]', activeProfiles = '{}', propertySourceLocations = '{}', propertySourceProperties = '{org.springframework.boot.test.autoconfigure.web.servlet.WebMvcTestContextBootstrapper=true}', contextCustomizers = set[org.springframework.boot.test.autoconfigure.OverrideAutoConfigurationContextCustomizerFactory$DisableAutoConfigurationContextCustomizer@7975d1d8, org.springframework.boot.test.autoconfigure.filter.TypeExcludeFiltersContextCustomizer@18965b74, org.springframework.boot.test.autoconfigure.properties.PropertyMappingContextCustomizer@ca0deb47, org.springframework.boot.test.autoconfigure.web.servlet.WebDriverContextCustomizerFactory$Customizer@19b843ba, [ImportsContextCustomizer@545b995e key = [org.springframework.boot.autoconfigure.cache.CacheAutoConfiguration, org.springframework.boot.autoconfigure.context.MessageSourceAutoConfiguration, org.springframework.boot.autoconfigure.data.web.SpringDataWebAutoConfiguration, org.springframework.boot.autoconfigure.freemarker.FreeMarkerAutoConfiguration, org.springframework.boot.autoconfigure.groovy.template.GroovyTemplateAutoConfiguration, org.springframework.boot.autoconfigure.gson.GsonAutoConfiguration, org.springframework.boot.autoconfigure.hateoas.HypermediaAutoConfiguration, org.springframework.boot.autoconfigure.http.HttpMessageConvertersAutoConfiguration, org.springframework.boot.autoconfigure.jackson.JacksonAutoConfiguration, org.springframework.boot.autoconfigure.jsonb.JsonbAutoConfiguration, org.springframework.boot.autoconfigure.mustache.MustacheAutoConfiguration, org.springframework.boot.autoconfigure.task.TaskExecutionAutoConfiguration, org.springframework.boot.autoconfigure.thymeleaf.ThymeleafAutoConfiguration, org.springframework.boot.autoconfigure.validation.ValidationAutoConfiguration, org.springframework.boot.autoconfigure.web.servlet.error.ErrorMvcAutoConfiguration, org.springframework.boot.autoconfigure.web.servlet.WebMvcAutoConfiguration, org.springframework.boot.test.autoconfigure.web.servlet.MockMvcAutoConfiguration, org.springframework.boot.test.autoconfigure.web.servlet.MockMvcSecurityAutoConfiguration, org.springframework.boot.test.autoconfigure.web.servlet.MockMvcWebClientAutoConfiguration, org.springframework.boot.test.autoconfigure.web.servlet.MockMvcWebDriverAutoConfiguration]], org.springframework.boot.test.context.filter.ExcludeFilterContextCustomizer@5e21e98f, org.springframework.boot.test.json.DuplicateJsonObjectContextCustomizerFactory$DuplicateJsonObjectContextCustomizer@72ade7e3, org.springframework.boot.test.mock.mockito.MockitoContextCustomizer@0], resourceBasePath = 'src/main/webapp', contextLoader = 'org.springframework.boot.test.context.SpringBootContextLoader', parent = [null]], attributes = map[[empty]]], class annotated with @DirtiesContext [false] with mode [null].
16:31:30.342 [Test worker] DEBUG org.springframework.test.annotation.ProfileValueUtils - Retrieved @ProfileValueSourceConfiguration [null] for test class [mega.it.springboot.web.HelloControllerTest]
16:31:30.343 [Test worker] DEBUG org.springframework.test.annotation.ProfileValueUtils - Retrieved ProfileValueSource type [class org.springframework.test.annotation.SystemProfileValueSource] for class [mega.it.springboot.web.HelloControllerTest]
16:31:30.347 [Test worker] DEBUG org.springframework.test.context.support.DependencyInjectionTestExecutionListener - Performing dependency injection for test context [[DefaultTestContext@2c4d1ac testClass = HelloControllerTest, testInstance = null(mega.it.springboot.web.HelloControllerTest), testMethod = [null], testException = [null], mergedContextConfiguration = [WebMergedContextConfiguration@7f0d96f2 testClass = HelloControllerTest, locations = '{}', classes = '{class mega.it.springboot.Application}', contextInitializerClasses = '[]', activeProfiles = '{}', propertySourceLocations = '{}', propertySourceProperties = '{org.springframework.boot.test.autoconfigure.web.servlet.WebMvcTestContextBootstrapper=true}', contextCustomizers = set[org.springframework.boot.test.autoconfigure.OverrideAutoConfigurationContextCustomizerFactory$DisableAutoConfigurationContextCustomizer@7975d1d8, org.springframework.boot.test.autoconfigure.filter.TypeExcludeFiltersContextCustomizer@18965b74, org.springframework.boot.test.autoconfigure.properties.PropertyMappingContextCustomizer@ca0deb47, org.springframework.boot.test.autoconfigure.web.servlet.WebDriverContextCustomizerFactory$Customizer@19b843ba, [ImportsContextCustomizer@545b995e key = [org.springframework.boot.autoconfigure.cache.CacheAutoConfiguration, org.springframework.boot.autoconfigure.context.MessageSourceAutoConfiguration, org.springframework.boot.autoconfigure.data.web.SpringDataWebAutoConfiguration, org.springframework.boot.autoconfigure.freemarker.FreeMarkerAutoConfiguration, org.springframework.boot.autoconfigure.groovy.template.GroovyTemplateAutoConfiguration, org.springframework.boot.autoconfigure.gson.GsonAutoConfiguration, org.springframework.boot.autoconfigure.hateoas.HypermediaAutoConfiguration, org.springframework.boot.autoconfigure.http.HttpMessageConvertersAutoConfiguration, org.springframework.boot.autoconfigure.jackson.JacksonAutoConfiguration, org.springframework.boot.autoconfigure.jsonb.JsonbAutoConfiguration, org.springframework.boot.autoconfigure.mustache.MustacheAutoConfiguration, org.springframework.boot.autoconfigure.task.TaskExecutionAutoConfiguration, org.springframework.boot.autoconfigure.thymeleaf.ThymeleafAutoConfiguration, org.springframework.boot.autoconfigure.validation.ValidationAutoConfiguration, org.springframework.boot.autoconfigure.web.servlet.error.ErrorMvcAutoConfiguration, org.springframework.boot.autoconfigure.web.servlet.WebMvcAutoConfiguration, org.springframework.boot.test.autoconfigure.web.servlet.MockMvcAutoConfiguration, org.springframework.boot.test.autoconfigure.web.servlet.MockMvcSecurityAutoConfiguration, org.springframework.boot.test.autoconfigure.web.servlet.MockMvcWebClientAutoConfiguration, org.springframework.boot.test.autoconfigure.web.servlet.MockMvcWebDriverAutoConfiguration]], org.springframework.boot.test.context.filter.ExcludeFilterContextCustomizer@5e21e98f, org.springframework.boot.test.json.DuplicateJsonObjectContextCustomizerFactory$DuplicateJsonObjectContextCustomizer@72ade7e3, org.springframework.boot.test.mock.mockito.MockitoContextCustomizer@0], resourceBasePath = 'src/main/webapp', contextLoader = 'org.springframework.boot.test.context.SpringBootContextLoader', parent = [null]], attributes = map[[empty]]]].
16:31:30.421 [Test worker] DEBUG org.springframework.test.context.support.TestPropertySourceUtils - Adding inlined properties to environment: {spring.jmx.enabled=false, org.springframework.boot.test.autoconfigure.web.servlet.WebMvcTestContextBootstrapper=true, server.port=-1}

  .   ____          _            __ _ _
 /\\ / ___'_ __ _ _(_)_ __  __ _ \ \ \ \
( ( )\___ | '_ | '_| | '_ \/ _` | \ \ \ \
 \\/  ___)| |_)| | | | | || (_| |  ) ) ) )
  '  |____| .__|_| |_|_| |_\__, | / / / /
 =========|_|==============|___/=/_/_/_/
 :: Spring Boot ::        (v2.1.7.RELEASE)

2023-07-26 16:31:30.696  INFO 13880 --- [    Test worker] m.it.springboot.web.HelloControllerTest  : Starting HelloControllerTest on BOOK-1VQD4IVCOJ with PID 13880 (started by 7yoop in C:\aws\AWSWork3)
2023-07-26 16:31:30.696  INFO 13880 --- [    Test worker] m.it.springboot.web.HelloControllerTest  : The following profiles are active: oauth
2023-07-26 16:31:31.763  INFO 13880 --- [    Test worker] o.s.s.concurrent.ThreadPoolTaskExecutor  : Initializing ExecutorService 'applicationTaskExecutor'
2023-07-26 16:31:31.825  INFO 13880 --- [    Test worker] o.s.b.a.w.s.WelcomePageHandlerMapping    : Adding welcome page template: index
2023-07-26 16:31:32.109  INFO 13880 --- [    Test worker] .s.s.UserDetailsServiceAutoConfiguration : 

Using generated security password: 5d031814-de38-4b4c-a10b-c01d8f0822f3

2023-07-26 16:31:32.288  INFO 13880 --- [    Test worker] o.s.s.web.DefaultSecurityFilterChain     : Creating filter chain: any request, [org.springframework.security.web.context.request.async.WebAsyncManagerIntegrationFilter@5c134052, org.springframework.security.web.context.SecurityContextPersistenceFilter@67770b37, org.springframework.security.web.header.HeaderWriterFilter@73041b7d, org.springframework.security.web.csrf.CsrfFilter@51efb731, org.springframework.security.web.authentication.logout.LogoutFilter@307e4c44, org.springframework.security.web.authentication.UsernamePasswordAuthenticationFilter@79e7188e, org.springframework.security.web.authentication.ui.DefaultLoginPageGeneratingFilter@3635099, org.springframework.security.web.authentication.ui.DefaultLogoutPageGeneratingFilter@69de5bed, org.springframework.security.web.authentication.www.BasicAuthenticationFilter@41f4039e, org.springframework.security.web.savedrequest.RequestCacheAwareFilter@14447be, org.springframework.security.web.servletapi.SecurityContextHolderAwareRequestFilter@4bc59b27, org.springframework.security.web.authentication.AnonymousAuthenticationFilter@750f64fe, org.springframework.security.web.session.SessionManagementFilter@5a1f778, org.springframework.security.web.access.ExceptionTranslationFilter@1536ea40, org.springframework.security.web.access.intercept.FilterSecurityInterceptor@671d03bb]
2023-07-26 16:31:32.327  INFO 13880 --- [    Test worker] o.s.b.t.m.w.SpringBootMockServletContext : Initializing Spring TestDispatcherServlet ''
2023-07-26 16:31:32.327  INFO 13880 --- [    Test worker] o.s.t.web.servlet.TestDispatcherServlet  : Initializing Servlet ''
2023-07-26 16:31:32.337  INFO 13880 --- [    Test worker] o.s.t.web.servlet.TestDispatcherServlet  : Completed initialization in 10 ms
2023-07-26 16:31:32.384  INFO 13880 --- [    Test worker] m.it.springboot.web.HelloControllerTest  : Started HelloControllerTest in 1.957 seconds (JVM running for 3.478)
]]></system-out>
  <system-err><![CDATA[]]></system-err>
</testsuite>
