<?xml version="1.0" encoding="UTF-8"?>
<testsuite name="mega.it.springboot.domain.posts.PostsRepositoryTest" tests="2" skipped="0" failures="0" errors="0" timestamp="2023-07-26T07:31:37" hostname="BOOK-1VQD4IVCOJ" time="0.026">
  <properties/>
  <testcase name="게시물저장_불러오기" classname="mega.it.springboot.domain.posts.PostsRepositoryTest" time="0.017"/>
  <testcase name="BaseTimeEntity_등록" classname="mega.it.springboot.domain.posts.PostsRepositoryTest" time="0.009"/>
  <system-out><![CDATA[2023-07-26 16:31:36.905  INFO 13880 --- [    Test worker] .b.t.c.SpringBootTestContextBootstrapper : Neither @ContextConfiguration nor @ContextHierarchy found for test class [mega.it.springboot.domain.posts.PostsRepositoryTest], using SpringBootContextLoader
2023-07-26 16:31:36.905  INFO 13880 --- [    Test worker] o.s.t.c.support.AbstractContextLoader    : Could not detect default resource locations for test class [mega.it.springboot.domain.posts.PostsRepositoryTest]: no resource found for suffixes {-context.xml, Context.groovy}.
2023-07-26 16:31:36.905  INFO 13880 --- [    Test worker] t.c.s.AnnotationConfigContextLoaderUtils : Could not detect default configuration classes for test class [mega.it.springboot.domain.posts.PostsRepositoryTest]: PostsRepositoryTest does not declare any static, non-private, non-final, nested classes annotated with @Configuration.
2023-07-26 16:31:36.906  INFO 13880 --- [    Test worker] .b.t.c.SpringBootTestContextBootstrapper : Found @SpringBootConfiguration mega.it.springboot.Application for test class mega.it.springboot.domain.posts.PostsRepositoryTest
2023-07-26 16:31:36.907  INFO 13880 --- [    Test worker] .b.t.c.SpringBootTestContextBootstrapper : Loaded default TestExecutionListener class names from location [META-INF/spring.factories]: [org.springframework.security.test.context.support.WithSecurityContextTestExecutionListener, org.springframework.security.test.context.support.ReactorContextTestExecutionListener, org.springframework.boot.test.autoconfigure.restdocs.RestDocsTestExecutionListener, org.springframework.boot.test.autoconfigure.web.client.MockRestServiceServerResetTestExecutionListener, org.springframework.boot.test.autoconfigure.web.servlet.MockMvcPrintOnlyOnFailureTestExecutionListener, org.springframework.boot.test.autoconfigure.web.servlet.WebDriverTestExecutionListener, org.springframework.boot.test.mock.mockito.MockitoTestExecutionListener, org.springframework.boot.test.mock.mockito.ResetMocksTestExecutionListener, org.springframework.test.context.web.ServletTestExecutionListener, org.springframework.test.context.support.DirtiesContextBeforeModesTestExecutionListener, org.springframework.test.context.support.DependencyInjectionTestExecutionListener, org.springframework.test.context.support.DirtiesContextTestExecutionListener, org.springframework.test.context.transaction.TransactionalTestExecutionListener, org.springframework.test.context.jdbc.SqlScriptsTestExecutionListener]
2023-07-26 16:31:36.907  INFO 13880 --- [    Test worker] .b.t.c.SpringBootTestContextBootstrapper : Using TestExecutionListeners: [org.springframework.test.context.web.ServletTestExecutionListener@446dc997, org.springframework.test.context.support.DirtiesContextBeforeModesTestExecutionListener@32cfd722, org.springframework.boot.test.mock.mockito.MockitoTestExecutionListener@69815126, org.springframework.boot.test.autoconfigure.SpringBootDependencyInjectionTestExecutionListener@4ff3ca23, org.springframework.test.context.support.DirtiesContextTestExecutionListener@65f8933b, org.springframework.test.context.transaction.TransactionalTestExecutionListener@29422e61, org.springframework.test.context.jdbc.SqlScriptsTestExecutionListener@4a29520e, org.springframework.security.test.context.support.WithSecurityContextTestExecutionListener@1b5a3bba, org.springframework.security.test.context.support.ReactorContextTestExecutionListener@3a9a12a1, org.springframework.boot.test.autoconfigure.restdocs.RestDocsTestExecutionListener@21312b5, org.springframework.boot.test.autoconfigure.web.client.MockRestServiceServerResetTestExecutionListener@22a89db, org.springframework.boot.test.autoconfigure.web.servlet.MockMvcPrintOnlyOnFailureTestExecutionListener@4867f5cf, org.springframework.boot.test.autoconfigure.web.servlet.WebDriverTestExecutionListener@2202e978, org.springframework.boot.test.mock.mockito.ResetMocksTestExecutionListener@381ed137]

  .   ____          _            __ _ _
 /\\ / ___'_ __ _ _(_)_ __  __ _ \ \ \ \
( ( )\___ | '_ | '_| | '_ \/ _` | \ \ \ \
 \\/  ___)| |_)| | | | | || (_| |  ) ) ) )
  '  |____| .__|_| |_|_| |_\__, | / / / /
 =========|_|==============|___/=/_/_/_/
 :: Spring Boot ::        (v2.1.7.RELEASE)

2023-07-26 16:31:36.935  INFO 13880 --- [    Test worker] m.i.s.domain.posts.PostsRepositoryTest   : Starting PostsRepositoryTest on BOOK-1VQD4IVCOJ with PID 13880 (started by 7yoop in C:\aws\AWSWork3)
2023-07-26 16:31:36.935  INFO 13880 --- [    Test worker] m.i.s.domain.posts.PostsRepositoryTest   : The following profiles are active: oauth
2023-07-26 16:31:37.113  INFO 13880 --- [    Test worker] .s.d.r.c.RepositoryConfigurationDelegate : Bootstrapping Spring Data repositories in DEFAULT mode.
2023-07-26 16:31:37.136  INFO 13880 --- [    Test worker] .s.d.r.c.RepositoryConfigurationDelegate : Finished Spring Data repository scanning in 22ms. Found 2 repository interfaces.
2023-07-26 16:31:37.216  INFO 13880 --- [    Test worker] trationDelegate$BeanPostProcessorChecker : Bean 'org.springframework.transaction.annotation.ProxyTransactionManagementConfiguration' of type [org.springframework.transaction.annotation.ProxyTransactionManagementConfiguration$$EnhancerBySpringCGLIB$$d3387f26] is not eligible for getting processed by all BeanPostProcessors (for example: not eligible for auto-proxying)
2023-07-26 16:31:37.281  INFO 13880 --- [    Test worker] com.zaxxer.hikari.HikariDataSource       : HikariPool-2 - Starting...
2023-07-26 16:31:37.282  INFO 13880 --- [    Test worker] com.zaxxer.hikari.HikariDataSource       : HikariPool-2 - Start completed.
2023-07-26 16:31:37.305  INFO 13880 --- [    Test worker] o.hibernate.jpa.internal.util.LogHelper  : HHH000204: Processing PersistenceUnitInfo [
	name: default
	...]
2023-07-26 16:31:37.315  INFO 13880 --- [    Test worker] org.hibernate.dialect.Dialect            : HHH000400: Using dialect: org.hibernate.dialect.MySQL5InnoDBDialect
Hibernate: drop table if exists posts
Hibernate: drop table if exists user
Hibernate: create table posts (id bigint not null auto_increment, created_date datetime, modified_date datetime, author varchar(255), content Text not null, title varchar(500) not null, primary key (id)) engine=InnoDB
Hibernate: create table user (id bigint not null auto_increment, created_date datetime, modified_date datetime, email varchar(255) not null, name varchar(255) not null, picture varchar(255), role varchar(255) not null, primary key (id)) engine=InnoDB
2023-07-26 16:31:37.343  INFO 13880 --- [    Test worker] o.h.t.schema.internal.SchemaCreatorImpl  : HHH000476: Executing import script 'org.hibernate.tool.schema.internal.exec.ScriptSourceInputNonExistentImpl@48e3017a'
2023-07-26 16:31:37.343  INFO 13880 --- [    Test worker] j.LocalContainerEntityManagerFactoryBean : Initialized JPA EntityManagerFactory for persistence unit 'default'
2023-07-26 16:31:37.453  INFO 13880 --- [    Test worker] o.h.h.i.QueryTranslatorFactoryInitiator  : HHH000397: Using ASTQueryTranslatorFactory
2023-07-26 16:31:37.543  INFO 13880 --- [    Test worker] o.s.s.web.DefaultSecurityFilterChain     : Creating filter chain: any request, [org.springframework.security.web.context.request.async.WebAsyncManagerIntegrationFilter@776eb512, org.springframework.security.web.context.SecurityContextPersistenceFilter@50ccd6a, org.springframework.security.web.header.HeaderWriterFilter@7227e3f1, org.springframework.security.web.authentication.logout.LogoutFilter@39e0fe23, org.springframework.security.oauth2.client.web.OAuth2AuthorizationRequestRedirectFilter@3d587c73, org.springframework.security.oauth2.client.web.OAuth2LoginAuthenticationFilter@7220ff10, org.springframework.security.web.authentication.ui.DefaultLoginPageGeneratingFilter@5a640f98, org.springframework.security.web.authentication.ui.DefaultLogoutPageGeneratingFilter@4ba29b51, org.springframework.security.web.savedrequest.RequestCacheAwareFilter@6bb2dae6, org.springframework.security.web.servletapi.SecurityContextHolderAwareRequestFilter@26c7940a, org.springframework.security.web.authentication.AnonymousAuthenticationFilter@35e7cdb2, org.springframework.security.web.session.SessionManagementFilter@245b009a, org.springframework.security.web.access.ExceptionTranslationFilter@16ef07fa, org.springframework.security.web.access.intercept.FilterSecurityInterceptor@25f3207e]
2023-07-26 16:31:37.686  INFO 13880 --- [    Test worker] o.s.s.concurrent.ThreadPoolTaskExecutor  : Initializing ExecutorService 'applicationTaskExecutor'
2023-07-26 16:31:37.692  WARN 13880 --- [    Test worker] aWebConfiguration$JpaWebMvcConfiguration : spring.jpa.open-in-view is enabled by default. Therefore, database queries may be performed during view rendering. Explicitly configure spring.jpa.open-in-view to disable this warning
2023-07-26 16:31:37.704  INFO 13880 --- [    Test worker] o.s.b.a.w.s.WelcomePageHandlerMapping    : Adding welcome page template: index
2023-07-26 16:31:37.882  INFO 13880 --- [    Test worker] s.a.ScheduledAnnotationBeanPostProcessor : No TaskScheduler/ScheduledExecutorService bean found for scheduled processing
2023-07-26 16:31:37.884  INFO 13880 --- [    Test worker] m.i.s.domain.posts.PostsRepositoryTest   : Started PostsRepositoryTest in 0.976 seconds (JVM running for 8.978)
Hibernate: insert into posts (created_date, modified_date, author, content, title) values (?, ?, ?, ?, ?)
Hibernate: select posts0_.id as id1_0_, posts0_.created_date as created_2_0_, posts0_.modified_date as modified3_0_, posts0_.author as author4_0_, posts0_.content as content5_0_, posts0_.title as title6_0_ from posts posts0_
Hibernate: select posts0_.id as id1_0_, posts0_.created_date as created_2_0_, posts0_.modified_date as modified3_0_, posts0_.author as author4_0_, posts0_.content as content5_0_, posts0_.title as title6_0_ from posts posts0_
Hibernate: delete from posts where id=?
Hibernate: insert into posts (created_date, modified_date, author, content, title) values (?, ?, ?, ?, ?)
Hibernate: select posts0_.id as id1_0_, posts0_.created_date as created_2_0_, posts0_.modified_date as modified3_0_, posts0_.author as author4_0_, posts0_.content as content5_0_, posts0_.title as title6_0_ from posts posts0_
>>>>>>>>>>> createDate=2023-07-26T16:31:37.905624, modifiedDate=2023-07-26T16:31:37.905624Hibernate: select posts0_.id as id1_0_, posts0_.created_date as created_2_0_, posts0_.modified_date as modified3_0_, posts0_.author as author4_0_, posts0_.content as content5_0_, posts0_.title as title6_0_ from posts posts0_
Hibernate: delete from posts where id=?
]]></system-out>
  <system-err><![CDATA[]]></system-err>
</testsuite>
